<?xml version="1.0" encoding="UTF-8"?>
<!-- Generated by org.testng.reporters.JUnitReportReporter -->
<testsuite hostname="WGC1001KVLTG3" failures="0" tests="5" name="com.unittestcases.CalculatorAppUnitTestCases" time="0.012" errors="0" timestamp="2022-06-14T15:20:54 EDT" skipped="0">
  <testcase classname="com.unittestcases.CalculatorAppUnitTestCases" name="AddTwoNumbersWithSecondValueAsString" time="0.001"/>
  <system-out/>
  <testcase classname="com.unittestcases.CalculatorAppUnitTestCases" name="WhenOneNumberIsGiven" time="0.001"/>
  <system-out/>
  <testcase classname="com.unittestcases.CalculatorAppUnitTestCases" name="AddTwoNumbers" time="0.009"/>
  <system-out/>
  <testcase classname="com.unittestcases.CalculatorAppUnitTestCases" name="WhenNumbersAreGreaterThanTwo" time="0.000"/>
  <system-out/>
  <testcase classname="com.unittestcases.CalculatorAppUnitTestCases" name="AddTwoNumbersWithSecondValueAs0" time="0.001"/>
  <system-out/>
</testsuite> <!-- com.unittestcases.CalculatorAppUnitTestCases -->
